<?xml version="1.0" encoding="UTF-8"?>
<testng-results skipped="0" failed="0" ignored="0" total="1" passed="1">
  <reporter-output>
  </reporter-output>
  <suite name="Suite" duration-ms="21461" started-at="2020-08-13T15:38:05Z" finished-at="2020-08-13T15:38:26Z">
    <groups>
    </groups>
    <test name="Test" duration-ms="21461" started-at="2020-08-13T15:38:05Z" finished-at="2020-08-13T15:38:26Z">
      <class name="com.HrmsTests.Logintest">
        <test-method status="PASS" signature="openbrowser()[pri:0, instance:com.HrmsTests.Logintest@55f3ddb1]" name="openbrowser" is-config="true" duration-ms="16086" started-at="2020-08-13T15:38:05Z" finished-at="2020-08-13T15:38:21Z">
          <reporter-output>
          </reporter-output>
        </test-method> <!-- openbrowser -->
        <test-method status="PASS" signature="getlogin()[pri:0, instance:com.HrmsTests.Logintest@55f3ddb1]" name="getlogin" duration-ms="5315" started-at="2020-08-13T15:38:21Z" finished-at="2020-08-13T15:38:26Z">
          <reporter-output>
          </reporter-output>
        </test-method> <!-- getlogin -->
      </class> <!-- com.HrmsTests.Logintest -->
    </test> <!-- Test -->
  </suite> <!-- Suite -->
</testng-results>
